{"file":"/home/coder/project/auto-ingress-operator/controllers/autoingress.go:167","level":"info","msg":"新 Service 被创建","time":"2025-01-21T16:22:38Z"}
{"file":"/home/coder/project/auto-ingress-operator/controllers/autoingress.go:157","level":"info","msg":"Service:ingress-nginx-controller-admission,不符合规则:web-","time":"2025-01-21T16:22:38Z"}
{"file":"/home/coder/project/auto-ingress-operator/controllers/autoingress.go:157","level":"info","msg":"Service:ingress-nginx-controller-admission,不符合规则:srv-","time":"2025-01-21T16:22:38Z"}
{"file":"/home/coder/project/auto-ingress-operator/controllers/autoingress.go:167","level":"info","msg":"新 Service 被创建","time":"2025-01-21T16:22:38Z"}
{"file":"/home/coder/project/auto-ingress-operator/controllers/autoingress.go:157","level":"info","msg":"Service:kube-dns,不符合规则:web-","time":"2025-01-21T16:22:38Z"}
{"file":"/home/coder/project/auto-ingress-operator/controllers/autoingress.go:157","level":"info","msg":"Service:kube-dns,不符合规则:srv-","time":"2025-01-21T16:22:38Z"}
{"file":"/home/coder/project/auto-ingress-operator/controllers/autoingress.go:167","level":"info","msg":"新 Service 被创建","time":"2025-01-21T16:22:38Z"}
{"file":"/home/coder/project/auto-ingress-operator/controllers/autoingress.go:157","level":"info","msg":"Service:kubernetes,不符合规则:web-","time":"2025-01-21T16:22:38Z"}
{"file":"/home/coder/project/auto-ingress-operator/controllers/autoingress.go:157","level":"info","msg":"Service:kubernetes,不符合规则:srv-","time":"2025-01-21T16:22:38Z"}
{"file":"/home/coder/project/auto-ingress-operator/controllers/autoingress.go:167","level":"info","msg":"新 Service 被创建","time":"2025-01-21T16:22:38Z"}
{"file":"/home/coder/project/auto-ingress-operator/controllers/autoingress.go:157","level":"info","msg":"Service:ingress-nginx-controller,不符合规则:web-","time":"2025-01-21T16:22:38Z"}
{"file":"/home/coder/project/auto-ingress-operator/controllers/autoingress.go:157","level":"info","msg":"Service:ingress-nginx-controller,不符合规则:srv-","time":"2025-01-21T16:22:38Z"}
{"file":"/home/coder/project/auto-ingress-operator/controllers/autoingress.go:167","level":"info","msg":"新 Service 被创建","time":"2025-01-21T16:22:58Z"}
{"file":"/home/coder/project/auto-ingress-operator/controllers/autoingress.go:157","level":"info","msg":"Service:srv-my-service1,不符合规则:web-","time":"2025-01-21T16:22:58Z"}
{"file":"/home/coder/project/auto-ingress-operator/controllers/autoingress.go:87","level":"info","msg":"Ingress已存在:%!s(\u003cnil\u003e),触发更新动作","time":"2025-01-21T16:22:59Z"}
{"file":"/home/coder/project/auto-ingress-operator/controllers/autoingress.go:128","level":"info","msg":"更新Ingress成功:\u003cnil\u003e,{{ } {srv-my-service1--sodev-cc  default  dff3190b-8838-4387-81bb-84134bdf63ec 203631 1 2025-01-21 16:20:44 +0000 UTC \u003cnil\u003e \u003cnil\u003e map[app:my-app] map[kubectl.kubernetes.io/last-applied-configuration:{\"apiVersion\":\"network.operator.com/v1alpha1\",\"kind\":\"AutoIngress\",\"metadata\":{\"annotations\":{},\"name\":\"sodev-cc\",\"namespace\":\"ingress-nginx\"},\"spec\":{\"ingressClassName\":\"nginx\",\"rootDomain\":\"sodev-cc\",\"servicePrefixes\":[\"web-\",\"srv-\"],\"tlsSecretName\":\"\"}}\n] [] [network.operator.com/autoingress]  [{main Update networking.k8s.io/v1 2025-01-21 16:20:44 +0000 UTC FieldsV1 {\"f:metadata\":{\"f:annotations\":{\".\":{},\"f:kubectl.kubernetes.io/last-applied-configuration\":{}},\"f:finalizers\":{\".\":{},\"v:\\\"network.operator.com/autoingress\\\"\":{}},\"f:labels\":{\".\":{},\"f:app\":{}}},\"f:spec\":{\"f:ingressClassName\":{},\"f:rules\":{}}} }]} {0xc000422ec0 nil [] [{srv-my-service1---default.sodev-cc {\u0026HTTPIngressRuleValue{Paths:[]HTTPIngressPath{HTTPIngressPath{Path:/,Backend:IngressBackend{Resource:nil,Service:\u0026IngressServiceBackend{Name:srv-my-service1,Port:ServiceBackendPort{Name:,Number:88,},},},PathType:*Prefix,},},}}}]} {{[]}}}","time":"2025-01-21T16:22:59Z"}
{"file":"/home/coder/project/auto-ingress-operator/controllers/autoingress.go:152","level":"info","msg":"Ingress:srv-my-service1--sodev-cc,初始化 创建成功","time":"2025-01-21T16:22:59Z"}
{"file":"/home/coder/project/auto-ingress-operator/controllers/autoingress.go:157","level":"info","msg":"Service:srv-my-service1,不符合规则:srv-","time":"2025-01-21T16:22:59Z"}
{"file":"/home/coder/project/auto-ingress-operator/controllers/autoingress.go:203","level":"info","msg":"Service 被删除,需要同步删除对应ingress","time":"2025-01-21T16:23:59Z"}
{"file":"/home/coder/project/auto-ingress-operator/controllers/autoingress.go:112","level":"error","msg":"删除Ingress失败:ingresses.networking.k8s.io \"srv-my-service1--sodev-cc\" not found","time":"2025-01-21T16:23:59Z"}
{"file":"/home/coder/project/auto-ingress-operator/controllers/autoingress.go:209","level":"error","msg":"删除Ingress失败:ingresses.networking.k8s.io \"srv-my-service1--sodev-cc\" not found","time":"2025-01-21T16:23:59Z"}
{"file":"/home/coder/project/auto-ingress-operator/controllers/autoingress.go:167","level":"info","msg":"新 Service 被创建","time":"2025-01-21T16:25:34Z"}
{"file":"/home/coder/project/auto-ingress-operator/controllers/autoingress.go:157","level":"info","msg":"Service:srv-my-service1,不符合规则:web-","time":"2025-01-21T16:25:34Z"}
{"file":"/home/coder/project/auto-ingress-operator/controllers/autoingress.go:87","level":"info","msg":"Ingress已存在:%!s(\u003cnil\u003e),触发更新动作","time":"2025-01-21T16:25:34Z"}
{"file":"/home/coder/project/auto-ingress-operator/controllers/autoingress.go:128","level":"info","msg":"更新Ingress成功:\u003cnil\u003e,{{ } {srv-my-service1--sodev-cc  default  dd6b857d-349a-4539-ac7d-27ceed13799e 203874 1 2025-01-21 16:23:19 +0000 UTC \u003cnil\u003e \u003cnil\u003e map[app:my-app] map[kubectl.kubernetes.io/last-applied-configuration:{\"apiVersion\":\"network.operator.com/v1alpha1\",\"kind\":\"AutoIngress\",\"metadata\":{\"annotations\":{},\"name\":\"sodev-cc\",\"namespace\":\"ingress-nginx\"},\"spec\":{\"ingressClassName\":\"nginx\",\"rootDomain\":\"sodev-cc\",\"servicePrefixes\":[\"web-\",\"srv-\"],\"tlsSecretName\":\"\"}}\n] [] [network.operator.com/autoingress]  [{main Update networking.k8s.io/v1 2025-01-21 16:23:19 +0000 UTC FieldsV1 {\"f:metadata\":{\"f:annotations\":{\".\":{},\"f:kubectl.kubernetes.io/last-applied-configuration\":{}},\"f:finalizers\":{\".\":{},\"v:\\\"network.operator.com/autoingress\\\"\":{}},\"f:labels\":{\".\":{},\"f:app\":{}}},\"f:spec\":{\"f:ingressClassName\":{},\"f:rules\":{}}} }]} {0xc0006562f0 nil [] [{srv-my-service1---default.sodev-cc {\u0026HTTPIngressRuleValue{Paths:[]HTTPIngressPath{HTTPIngressPath{Path:/,Backend:IngressBackend{Resource:nil,Service:\u0026IngressServiceBackend{Name:srv-my-service1,Port:ServiceBackendPort{Name:,Number:88,},},},PathType:*Prefix,},},}}}]} {{[]}}}","time":"2025-01-21T16:25:34Z"}
{"file":"/home/coder/project/auto-ingress-operator/controllers/autoingress.go:152","level":"info","msg":"Ingress:srv-my-service1--sodev-cc,初始化 创建成功","time":"2025-01-21T16:25:34Z"}
{"file":"/home/coder/project/auto-ingress-operator/controllers/autoingress.go:157","level":"info","msg":"Service:srv-my-service1,不符合规则:srv-","time":"2025-01-21T16:25:34Z"}
{"file":"/home/coder/project/auto-ingress-operator/controllers/autoingress.go:176","level":"info","msg":"更新事件","time":"2025-01-21T16:26:00Z"}
{"file":"/home/coder/project/auto-ingress-operator/controllers/autoingress.go:157","level":"info","msg":"Service:srv-my-service1,不符合规则:web-","time":"2025-01-21T16:26:00Z"}
{"file":"/home/coder/project/auto-ingress-operator/controllers/autoingress.go:87","level":"info","msg":"Ingress已存在:%!s(\u003cnil\u003e),触发更新动作","time":"2025-01-21T16:26:00Z"}
{"file":"/home/coder/project/auto-ingress-operator/controllers/autoingress.go:128","level":"info","msg":"更新Ingress成功:\u003cnil\u003e,{{ } {srv-my-service1--sodev-cc  default  dd6b857d-349a-4539-ac7d-27ceed13799e 203919 2 2025-01-21 16:23:19 +0000 UTC \u003cnil\u003e \u003cnil\u003e map[app:my-app] map[kubectl.kubernetes.io/last-applied-configuration:{\"apiVersion\":\"network.operator.com/v1alpha1\",\"kind\":\"AutoIngress\",\"metadata\":{\"annotations\":{},\"name\":\"sodev-cc\",\"namespace\":\"ingress-nginx\"},\"spec\":{\"ingressClassName\":\"nginx\",\"rootDomain\":\"sodev-cc\",\"servicePrefixes\":[\"web-\",\"srv-\"],\"tlsSecretName\":\"\"}}\n] [] []  [{nginx-ingress-controller Update networking.k8s.io/v1 2025-01-21 16:23:35 +0000 UTC FieldsV1 {\"f:status\":{\"f:loadBalancer\":{\"f:ingress\":{}}}} status} {main Update networking.k8s.io/v1 2025-01-21 16:23:46 +0000 UTC FieldsV1 {\"f:metadata\":{\"f:annotations\":{\".\":{},\"f:kubectl.kubernetes.io/last-applied-configuration\":{}},\"f:labels\":{\".\":{},\"f:app\":{}}},\"f:spec\":{\"f:ingressClassName\":{},\"f:rules\":{}}} }]} {0xc0006566f0 nil [] [{srv-my-service1---default.sodev-cc {\u0026HTTPIngressRuleValue{Paths:[]HTTPIngressPath{HTTPIngressPath{Path:/,Backend:IngressBackend{Resource:nil,Service:\u0026IngressServiceBackend{Name:srv-my-service1,Port:ServiceBackendPort{Name:,Number:89,},},},PathType:*Prefix,},},}}}]} {{[{10.106.239.94  []}]}}}","time":"2025-01-21T16:26:00Z"}
{"file":"/home/coder/project/auto-ingress-operator/controllers/autoingress.go:152","level":"info","msg":"Ingress:srv-my-service1--sodev-cc,初始化 创建成功","time":"2025-01-21T16:26:00Z"}
{"file":"/home/coder/project/auto-ingress-operator/controllers/autoingress.go:157","level":"info","msg":"Service:srv-my-service1,不符合规则:srv-","time":"2025-01-21T16:26:00Z"}
{"file":"/home/coder/project/auto-ingress-operator/controllers/autoingress.go:166","level":"info","msg":"新 Service 被创建","time":"2025-02-05T02:53:35Z"}
{"file":"/home/coder/project/auto-ingress-operator/controllers/autoingress.go:166","level":"info","msg":"新 Service 被创建","time":"2025-02-05T02:55:15Z"}
{"file":"/home/coder/project/auto-ingress-operator/controllers/autoingress.go:156","level":"info","msg":"Service:kube-dns,不符合规则:web-","time":"2025-02-05T02:55:15Z"}
{"file":"/home/coder/project/auto-ingress-operator/controllers/autoingress.go:156","level":"info","msg":"Service:kube-dns,不符合规则:srv-","time":"2025-02-05T02:55:15Z"}
{"file":"/home/coder/project/auto-ingress-operator/controllers/autoingress.go:166","level":"info","msg":"新 Service 被创建","time":"2025-02-05T02:55:15Z"}
{"file":"/home/coder/project/auto-ingress-operator/controllers/autoingress.go:156","level":"info","msg":"Service:srv-my-service1,不符合规则:web-","time":"2025-02-05T02:55:15Z"}
{"file":"/home/coder/project/auto-ingress-operator/controllers/autoingress.go:87","level":"info","msg":"Ingress已存在:%!s(\u003cnil\u003e),触发更新动作","time":"2025-02-05T02:55:15Z"}
{"file":"/home/coder/project/auto-ingress-operator/controllers/autoingress.go:127","level":"info","msg":"更新Ingress成功:\u003cnil\u003e,{{ } {srv-my-service1--sodev-cc  default  dd6b857d-349a-4539-ac7d-27ceed13799e 203919 2 2025-01-21 16:23:19 +0000 UTC \u003cnil\u003e \u003cnil\u003e map[app:my-app] map[kubectl.kubernetes.io/last-applied-configuration:{\"apiVersion\":\"network.operator.com/v1alpha1\",\"kind\":\"AutoIngress\",\"metadata\":{\"annotations\":{},\"name\":\"sodev-cc\",\"namespace\":\"ingress-nginx\"},\"spec\":{\"ingressClassName\":\"nginx\",\"rootDomain\":\"sodev-cc\",\"servicePrefixes\":[\"web-\",\"srv-\"],\"tlsSecretName\":\"\"}}\n] [] []  [{nginx-ingress-controller Update networking.k8s.io/v1 2025-01-21 16:23:35 +0000 UTC FieldsV1 {\"f:status\":{\"f:loadBalancer\":{\"f:ingress\":{}}}} status} {main Update networking.k8s.io/v1 2025-01-21 16:23:46 +0000 UTC FieldsV1 {\"f:metadata\":{\"f:annotations\":{\".\":{},\"f:kubectl.kubernetes.io/last-applied-configuration\":{}},\"f:labels\":{\".\":{},\"f:app\":{}}},\"f:spec\":{\"f:ingressClassName\":{},\"f:rules\":{}}} }]} {0xc000275f00 nil [] [{srv-my-service1---default.sodev-cc {\u0026HTTPIngressRuleValue{Paths:[]HTTPIngressPath{HTTPIngressPath{Path:/,Backend:IngressBackend{Resource:nil,Service:\u0026IngressServiceBackend{Name:srv-my-service1,Port:ServiceBackendPort{Name:,Number:89,},},},PathType:*Prefix,},},}}}]} {{[{10.106.239.94  []}]}}}","time":"2025-02-05T02:55:15Z"}
{"file":"/home/coder/project/auto-ingress-operator/controllers/autoingress.go:151","level":"info","msg":"Ingress:srv-my-service1--sodev-cc,初始化 创建成功","time":"2025-02-05T02:55:15Z"}
{"file":"/home/coder/project/auto-ingress-operator/controllers/autoingress.go:156","level":"info","msg":"Service:srv-my-service1,不符合规则:srv-","time":"2025-02-05T02:55:15Z"}
{"file":"/home/coder/project/auto-ingress-operator/controllers/autoingress.go:166","level":"info","msg":"新 Service 被创建","time":"2025-02-05T02:55:15Z"}
{"file":"/home/coder/project/auto-ingress-operator/controllers/autoingress.go:156","level":"info","msg":"Service:kubernetes,不符合规则:web-","time":"2025-02-05T02:55:15Z"}
{"file":"/home/coder/project/auto-ingress-operator/controllers/autoingress.go:156","level":"info","msg":"Service:kubernetes,不符合规则:srv-","time":"2025-02-05T02:55:15Z"}
{"file":"/home/coder/project/auto-ingress-operator/controllers/autoingress.go:166","level":"info","msg":"新 Service 被创建","time":"2025-02-05T02:55:15Z"}
{"file":"/home/coder/project/auto-ingress-operator/controllers/autoingress.go:156","level":"info","msg":"Service:ingress-nginx-controller,不符合规则:web-","time":"2025-02-05T02:55:15Z"}
{"file":"/home/coder/project/auto-ingress-operator/controllers/autoingress.go:156","level":"info","msg":"Service:ingress-nginx-controller,不符合规则:srv-","time":"2025-02-05T02:55:15Z"}
{"file":"/home/coder/project/auto-ingress-operator/controllers/autoingress.go:166","level":"info","msg":"新 Service 被创建","time":"2025-02-05T02:55:15Z"}
{"file":"/home/coder/project/auto-ingress-operator/controllers/autoingress.go:156","level":"info","msg":"Service:ingress-nginx-controller-admission,不符合规则:web-","time":"2025-02-05T02:55:15Z"}
{"file":"/home/coder/project/auto-ingress-operator/controllers/autoingress.go:156","level":"info","msg":"Service:ingress-nginx-controller-admission,不符合规则:srv-","time":"2025-02-05T02:55:15Z"}
{"file":"/home/coder/project/auto-ingress-operator/controllers/autoingress.go:166","level":"info","msg":"新 Service 被创建","time":"2025-02-05T02:56:11Z"}
{"file":"/home/coder/project/auto-ingress-operator/controllers/autoingress.go:156","level":"info","msg":"Service:ingress-nginx-controller,不符合规则:web-","time":"2025-02-05T02:56:11Z"}
{"file":"/home/coder/project/auto-ingress-operator/controllers/autoingress.go:156","level":"info","msg":"Service:ingress-nginx-controller,不符合规则:srv-","time":"2025-02-05T02:56:11Z"}
{"file":"/home/coder/project/auto-ingress-operator/controllers/autoingress.go:166","level":"info","msg":"新 Service 被创建","time":"2025-02-05T02:56:11Z"}
{"file":"/home/coder/project/auto-ingress-operator/controllers/autoingress.go:156","level":"info","msg":"Service:ingress-nginx-controller-admission,不符合规则:web-","time":"2025-02-05T02:56:11Z"}
{"file":"/home/coder/project/auto-ingress-operator/controllers/autoingress.go:156","level":"info","msg":"Service:ingress-nginx-controller-admission,不符合规则:srv-","time":"2025-02-05T02:56:11Z"}
{"file":"/home/coder/project/auto-ingress-operator/controllers/autoingress.go:166","level":"info","msg":"新 Service 被创建","time":"2025-02-05T02:56:11Z"}
{"file":"/home/coder/project/auto-ingress-operator/controllers/autoingress.go:156","level":"info","msg":"Service:kube-dns,不符合规则:web-","time":"2025-02-05T02:56:11Z"}
{"file":"/home/coder/project/auto-ingress-operator/controllers/autoingress.go:156","level":"info","msg":"Service:kube-dns,不符合规则:srv-","time":"2025-02-05T02:56:11Z"}
{"file":"/home/coder/project/auto-ingress-operator/controllers/autoingress.go:166","level":"info","msg":"新 Service 被创建","time":"2025-02-05T02:56:11Z"}
{"file":"/home/coder/project/auto-ingress-operator/controllers/autoingress.go:156","level":"info","msg":"Service:srv-my-service1,不符合规则:web-","time":"2025-02-05T02:56:11Z"}
{"file":"/home/coder/project/auto-ingress-operator/controllers/autoingress.go:87","level":"info","msg":"Ingress已存在:%!s(\u003cnil\u003e),触发更新动作","time":"2025-02-05T02:56:11Z"}
{"file":"/home/coder/project/auto-ingress-operator/controllers/autoingress.go:127","level":"info","msg":"更新Ingress成功:\u003cnil\u003e,{{ } {srv-my-service1--sodev-cc  default  dd6b857d-349a-4539-ac7d-27ceed13799e 203919 2 2025-01-21 16:23:19 +0000 UTC \u003cnil\u003e \u003cnil\u003e map[app:my-app] map[kubectl.kubernetes.io/last-applied-configuration:{\"apiVersion\":\"network.operator.com/v1alpha1\",\"kind\":\"AutoIngress\",\"metadata\":{\"annotations\":{},\"name\":\"sodev-cc\",\"namespace\":\"ingress-nginx\"},\"spec\":{\"ingressClassName\":\"nginx\",\"rootDomain\":\"sodev-cc\",\"servicePrefixes\":[\"web-\",\"srv-\"],\"tlsSecretName\":\"\"}}\n] [] []  [{nginx-ingress-controller Update networking.k8s.io/v1 2025-01-21 16:23:35 +0000 UTC FieldsV1 {\"f:status\":{\"f:loadBalancer\":{\"f:ingress\":{}}}} status} {main Update networking.k8s.io/v1 2025-01-21 16:23:46 +0000 UTC FieldsV1 {\"f:metadata\":{\"f:annotations\":{\".\":{},\"f:kubectl.kubernetes.io/last-applied-configuration\":{}},\"f:labels\":{\".\":{},\"f:app\":{}}},\"f:spec\":{\"f:ingressClassName\":{},\"f:rules\":{}}} }]} {0xc000116dd0 nil [] [{srv-my-service1---default.sodev-cc {\u0026HTTPIngressRuleValue{Paths:[]HTTPIngressPath{HTTPIngressPath{Path:/,Backend:IngressBackend{Resource:nil,Service:\u0026IngressServiceBackend{Name:srv-my-service1,Port:ServiceBackendPort{Name:,Number:89,},},},PathType:*Prefix,},},}}}]} {{[{10.106.239.94  []}]}}}","time":"2025-02-05T02:56:11Z"}
{"file":"/home/coder/project/auto-ingress-operator/controllers/autoingress.go:151","level":"info","msg":"Ingress:srv-my-service1--sodev-cc,初始化 创建成功","time":"2025-02-05T02:56:11Z"}
{"file":"/home/coder/project/auto-ingress-operator/controllers/autoingress.go:156","level":"info","msg":"Service:srv-my-service1,不符合规则:srv-","time":"2025-02-05T02:56:11Z"}
{"file":"/home/coder/project/auto-ingress-operator/controllers/autoingress.go:166","level":"info","msg":"新 Service 被创建","time":"2025-02-05T02:56:11Z"}
{"file":"/home/coder/project/auto-ingress-operator/controllers/autoingress.go:156","level":"info","msg":"Service:kubernetes,不符合规则:web-","time":"2025-02-05T02:56:11Z"}
{"file":"/home/coder/project/auto-ingress-operator/controllers/autoingress.go:156","level":"info","msg":"Service:kubernetes,不符合规则:srv-","time":"2025-02-05T02:56:11Z"}
{"file":"/home/coder/project/auto-ingress-operator/controllers/autoingress.go:202","level":"info","msg":"Service 被删除,需要同步删除对应ingress","time":"2025-02-05T02:56:15Z"}
{"file":"/home/coder/project/auto-ingress-operator/controllers/autoingress.go:114","level":"info","msg":"删除Ingress成功:%!s(\u003cnil\u003e)","time":"2025-02-05T02:56:15Z"}
{"file":"/home/coder/project/auto-ingress-operator/controllers/autoingress.go:166","level":"info","msg":"新 Service 被创建","time":"2025-02-05T02:56:45Z"}
{"file":"/home/coder/project/auto-ingress-operator/controllers/autoingress.go:156","level":"info","msg":"Service:srv-my-service1,不符合规则:web-","time":"2025-02-05T02:56:45Z"}
{"file":"/home/coder/project/auto-ingress-operator/controllers/autoingress.go:87","level":"info","msg":"Ingress已存在:%!s(\u003cnil\u003e),触发更新动作","time":"2025-02-05T02:56:45Z"}
{"file":"/home/coder/project/auto-ingress-operator/controllers/autoingress.go:127","level":"info","msg":"更新Ingress成功:\u003cnil\u003e,{{ } {srv-my-service1--sodev-cc  default  08bfd7de-dc87-40ff-9376-b0b36eab63a6 204995 1 2025-02-05 10:57:44 +0000 UTC \u003cnil\u003e \u003cnil\u003e map[app:my-app] map[kubectl.kubernetes.io/last-applied-configuration:{\"apiVersion\":\"network.operator.com/v1alpha1\",\"kind\":\"AutoIngress\",\"metadata\":{\"annotations\":{},\"name\":\"sodev-cc\",\"namespace\":\"ingress-nginx\"},\"spec\":{\"ingressClassName\":\"nginx\",\"rootDomain\":\"sodev-cc\",\"servicePrefixes\":[\"web-\",\"srv-\"],\"tlsSecretName\":\"\"}}\n] [] [network.operator.com/autoingress]  [{main Update networking.k8s.io/v1 2025-02-05 10:57:44 +0000 UTC FieldsV1 {\"f:metadata\":{\"f:annotations\":{\".\":{},\"f:kubectl.kubernetes.io/last-applied-configuration\":{}},\"f:finalizers\":{\".\":{},\"v:\\\"network.operator.com/autoingress\\\"\":{}},\"f:labels\":{\".\":{},\"f:app\":{}}},\"f:spec\":{\"f:ingressClassName\":{},\"f:rules\":{}}} }]} {0xc0003575b0 nil [] [{srv-my-service1---default.sodev-cc {\u0026HTTPIngressRuleValue{Paths:[]HTTPIngressPath{HTTPIngressPath{Path:/,Backend:IngressBackend{Resource:nil,Service:\u0026IngressServiceBackend{Name:srv-my-service1,Port:ServiceBackendPort{Name:,Number:89,},},},PathType:*Prefix,},},}}}]} {{[]}}}","time":"2025-02-05T02:56:45Z"}
{"file":"/home/coder/project/auto-ingress-operator/controllers/autoingress.go:151","level":"info","msg":"Ingress:srv-my-service1--sodev-cc,初始化 创建成功","time":"2025-02-05T02:56:45Z"}
{"file":"/home/coder/project/auto-ingress-operator/controllers/autoingress.go:156","level":"info","msg":"Service:srv-my-service1,不符合规则:srv-","time":"2025-02-05T02:56:45Z"}
{"file":"/home/coder/project/auto-ingress-operator/controllers/autoingress.go:202","level":"info","msg":"Service 被删除,需要同步删除对应ingress","time":"2025-02-05T02:57:16Z"}
{"file":"/home/coder/project/auto-ingress-operator/controllers/autoingress.go:114","level":"info","msg":"删除Ingress成功:%!s(\u003cnil\u003e)","time":"2025-02-05T02:57:16Z"}
